[2024-07-01 18:00:01] Starting apt-get update...

WARNING: apt does not have a stable CLI interface. Use with caution in scripts.

Hit:1 http://ports.ubuntu.com/ubuntu-ports jammy-security InRelease
Hit:2 http://iq.ports.ubuntu.com/ubuntu-ports jammy InRelease
Hit:3 http://ports.ubuntu.com/ubuntu-ports jammy-proposed InRelease
Hit:4 http://iq.ports.ubuntu.com/ubuntu-ports jammy-updates InRelease
Hit:5 https://packages.grafana.com/oss/deb stable InRelease
Ign:6 https://pkg.jenkins.io/debian-stable binary/ InRelease
Hit:7 http://iq.ports.ubuntu.com/ubuntu-ports jammy-backports InRelease
Hit:8 https://ppa.launchpadcontent.net/deadsnakes/ppa/ubuntu jammy InRelease
Hit:9 https://download.docker.com/linux/ubuntu jammy InRelease
Hit:10 https://pkg.jenkins.io/debian-stable binary/ Release
Reading package lists...
Building dependency tree...
Reading state information...
All packages are up to date.
W: https://packages.grafana.com/oss/deb/dists/stable/InRelease: Key is stored in legacy trusted.gpg keyring (/etc/apt/trusted.gpg), see the DEPRECATION section in apt-key(8) for details.
[2024-07-01 18:00:03] [32mAll Packages Updated Successfully ✓[0m
[2024-07-02 00:00:01] Starting apt-get update...

WARNING: apt does not have a stable CLI interface. Use with caution in scripts.

Hit:1 http://iq.ports.ubuntu.com/ubuntu-ports jammy InRelease
Get:2 http://ports.ubuntu.com/ubuntu-ports jammy-security InRelease [129 kB]
Get:3 http://iq.ports.ubuntu.com/ubuntu-ports jammy-updates InRelease [128 kB]
Ign:4 https://pkg.jenkins.io/debian-stable binary/ InRelease
Hit:5 https://pkg.jenkins.io/debian-stable binary/ Release
Get:7 http://ports.ubuntu.com/ubuntu-ports jammy-proposed InRelease [279 kB]
Hit:8 http://iq.ports.ubuntu.com/ubuntu-ports jammy-backports InRelease
Get:9 http://iq.ports.ubuntu.com/ubuntu-ports jammy-updates/main arm64 Packages [1,544 kB]
Get:10 http://iq.ports.ubuntu.com/ubuntu-ports jammy-updates/universe arm64 Packages [1,038 kB]
Hit:11 https://ppa.launchpadcontent.net/deadsnakes/ppa/ubuntu jammy InRelease
Hit:12 https://packages.grafana.com/oss/deb stable InRelease
Hit:13 https://download.docker.com/linux/ubuntu jammy InRelease
Fetched 3,119 kB in 6s (520 kB/s)
Reading package lists...
Building dependency tree...
Reading state information...
All packages are up to date.
W: https://packages.grafana.com/oss/deb/dists/stable/InRelease: Key is stored in legacy trusted.gpg keyring (/etc/apt/trusted.gpg), see the DEPRECATION section in apt-key(8) for details.
[2024-07-02 00:00:10] [32mAll Packages Updated Successfully ✓[0m
