PID COMMAND Memory (MB)
1        systemd              10.45     
2        kthreadd             0.00      
3        rcu_gp               0.00      
4        rcu_par_gp           0.00      
5        slub_flushwq         0.00      
6        netns                0.00      
8        kworker/0:0H-ev      0.00      
11       mm_percpu_wq         0.00      
12       rcu_tasks_kthre      0.00      
13       rcu_tasks_rude_      0.00      
14       rcu_tasks_trace      0.00      
15       ksoftirqd/0          0.00      
16       rcu_preempt          0.00      
17       migration/0          0.00      
18       idle_inject/0        0.00      
19       cpuhp/0              0.00      
20       cpuhp/1              0.00      
21       idle_inject/1        0.00      
22       migration/1          0.00      
23       ksoftirqd/1          0.00      
25       kworker/1:0H-ev      0.00      
26       cpuhp/2              0.00      
27       idle_inject/2        0.00      
28       migration/2          0.00      
29       ksoftirqd/2          0.00      
31       kworker/2:0H-ev      0.00      
32       cpuhp/3              0.00      
33       idle_inject/3        0.00      
34       migration/3          0.00      
35       ksoftirqd/3          0.00      
37       kworker/3:0H-ev      0.00      
38       cpuhp/4              0.00      
39       idle_inject/4        0.00      
40       migration/4          0.00      
41       ksoftirqd/4          0.00      
43       kworker/4:0H-ev      0.00      
44       cpuhp/5              0.00      
45       idle_inject/5        0.00      
46       migration/5          0.00      
47       ksoftirqd/5          0.00      
49       kworker/5:0H-ev      0.00      
50       cpuhp/6              0.00      
51       idle_inject/6        0.00      
52       migration/6          0.00      
53       ksoftirqd/6          0.00      
55       kworker/6:0H-ev      0.00      
56       cpuhp/7              0.00      
57       idle_inject/7        0.00      
58       migration/7          0.00      
59       ksoftirqd/7          0.00      
61       kworker/7:0H-ev      0.00      
62       kdevtmpfs            0.00      
63       inet_frag_wq         0.00      
66       kauditd              0.00      
67       khungtaskd           0.00      
68       oom_reaper           0.00      
69       writeback            0.00      
70       kcompactd0           0.00      
71       ksmd                 0.00      
72       khugepaged           0.00      
73       kintegrityd          0.00      
74       kblockd              0.00      
75       blkcg_punt_bio       0.00      
78       tpm_dev_wq           0.00      
79       ata_sff              0.00      
80       md                   0.00      
81       md_bitmap            0.00      
82       edac-poller          0.00      
83       devfreq_wq           0.00      
84       watchdogd            0.00      
87       kworker/5:1H-kb      0.00      
88       kswapd0              0.00      
89       ecryptfs-kthrea      0.00      
91       kthrotld             0.00      
92       irq/49-ACPI:Ged      0.00      
93       acpi_thermal_pm      0.00      
94       mld                  0.00      
95       ipv6_addrconf        0.00      
102      kstrp                0.00      
106      kworker/u17:0        0.00      
110      charger_manager      0.00      
129      kworker/7:1H-kb      0.00      
133      kworker/4:1H-kb      0.00      
134      kworker/2:1H-kb      0.00      
158      kworker/1:1H-kb      0.00      
159      kworker/6:1H-kb      0.00      
160      kworker/0:1H-kb      0.00      
161      kworker/3:1H-kb      0.00      
163      hwrng                0.00      
237      jbd2/vda2-8          0.00      
238      ext4-rsv-conver      0.00      
324      systemd-journal      7.53      
369      systemd-udevd        6.38      
421      scsi_eh_0            0.00      
422      scsi_tmf_0           0.00      
424      usb-storage          0.00      
432      uas                  0.00      
564      systemd-oomd         6.12      
573      systemd-resolve      12.25     
574      systemd-timesyn      6.25      
635      accounts-daemon      6.46      
639      avahi-daemon         2.88      
643      cron                 2.38      
646      dbus-daemon          5.88      
653      irqbalance           3.00      
654      networkd-dispat      18.88     
655      polkitd              9.60      
660      power-profiles-      6.25      
662      rsyslogd             4.25      
667      snapd                30.11     
668      switcheroo-cont      5.75      
670      systemd-logind       7.16      
672      systemd-machine      6.12      
673      udisksd              11.15     
674      wpa_supplicant       5.25      
677      avahi-daemon         1.25      
678      NetworkManager       17.07     
725      ModemManager         10.46     
745      libvirtd             21.62     
755      unattended-upgr      21.12     
800      sshd                 8.00      
824      gdm3                 7.88      
916      kerneloops           2.29      
923      kerneloops           2.29      
982      dockerd              71.91     
1015     dnsmasq              2.26      
1016     dnsmasq              0.88      
1331     docker-proxy         3.12      
1339     docker-proxy         3.00      
1346     docker-proxy         3.25      
1354     docker-proxy         3.00      
1546     systemd              9.25      
1547     (sd-pam)             5.54      
1553     pipewire             5.25      
1554     pipewire-media-      5.88      
1555     pulseaudio           26.98     
1579     rtkit-daemon         2.75      
1908     upowerd              7.38      
2018     packagekitd          42.08     
2248     colord               11.79     
3281     agetty               2.00      
13651    tls-strp             0.00      
14386    kworker/u16:1-e      0.00      
15520    fwupd                28.53     
16659    kworker/3:3-mm_      0.00      
21122    dbus-daemon          4.75      
21123    xdg-document-po      6.38      
21126    xdg-permission-      5.25      
21132    fusermount3          1.38      
21177    gdm-session-wor      9.40      
21185    gnome-keyring-d      6.93      
21189    gdm-wayland-ses      5.00      
21192    gnome-session-b      13.62     
21214    gnome-session-c      4.75      
21224    gvfsd                6.75      
21231    gvfsd-fuse           5.50      
21234    gnome-session-b      15.12     
21255    at-spi-bus-laun      6.88      
21258    gnome-shell          283.12    
21265    dbus-daemon          3.88      
21285    gnome-shell-cal      15.88     
21291    evolution-sourc      22.75     
21295    dconf-service        5.25      
21298    gvfs-udisks2-vo      9.38      
21303    goa-daemon           36.62     
21306    gvfs-goa-volume      5.50      
21314    evolution-calen      27.75     
21317    goa-identity-se      12.88     
21326    gvfs-mtp-volume      5.50      
21330    gvfs-afc-volume      6.88      
21337    gvfs-gphoto2-vo      5.88      
21347    evolution-addre      26.25     
21361    gvfsd-trash          7.25      
21375    at-spi2-registr      6.38      
21376    gjs                  24.94     
21392    sh                   1.25      
21394    gsd-a11y-settin      6.00      
21395    ibus-daemon          10.80     
21396    gsd-color            24.75     
21397    gsd-datetime         14.25     
21400    gsd-housekeepin      7.00      
21402    gsd-keyboard         20.38     
21403    gsd-media-keys       24.88     
21406    gsd-power            24.12     
21407    gsd-print-notif      9.50      
21408    gsd-rfkill           5.88      
21409    gsd-screensaver      5.38      
21410    gsd-sharing          9.50      
21411    gsd-smartcard        7.38      
21412    gsd-sound            8.38      
21415    gsd-wacom            20.88     
21452    spice-vdagent        23.97     
21458    ibus-memconf         6.38      
21459    ibus-extension-      27.47     
21465    ibus-portal          6.38      
21474    Xwayland             76.75     
21490    gsd-printer          12.62     
21506    ibus-engine-sim      6.38      
21519    xdg-desktop-por      12.62     
21533    xdg-desktop-por      25.68     
21541    gsd-xsettings        76.81     
21550    gjs                  25.59     
21588    snapd-desktop-i      10.12     
21604    xdg-desktop-por      24.13     
21617    ibus-x11             23.22     
21633    tracker-miner-f      32.95     
21656    snapd-desktop-i      28.15     
21683    evolution-alarm      61.75     
21691    gsd-disk-utilit      6.50      
21714    snap-store           154.29    
22984    gvfsd-metadata       5.50      
22987    update-notifier      26.25     
24140    cupsd                11.62     
24149    dbus                 5.50      
24151    dbus                 5.50      
24156    cups-browsed         9.75      
25081    gnome-terminal-      72.70     
25103    zsh                  6.54      
25582    kworker/u16:0-e      0.00      
25650    kworker/4:0-eve      0.00      
26040    kworker/7:1-eve      0.00      
26823    kworker/5:2-eve      0.00      
27001    kworker/2:2-eve      0.00      
27165    kworker/3:0-cgr      0.00      
28184    kworker/6:1-eve      0.00      
28220    kworker/0:3-eve      0.00      
28758    kworker/1:2-eve      0.00      
28782    kworker/u16:2-e      0.00      
28787    kworker/4:2-eve      0.00      
28790    zsh                  7.00      
29160    kworker/6:0-eve      0.00      
29168    java                 382.51    
29200    kworker/2:0-eve      0.00      
29213    spice-vdagentd       4.39      
29267    containerd           36.83     
29298    sshd                 9.39      
29357    sshd                 6.68      
29408    java                 99.68     
29509    kworker/7:0          0.00      
29988    kworker/u16:3-e      0.00      
30054    kworker/0:0-eve      0.00      
30108    kworker/5:0-mm_      0.00      
30336    kworker/1:1-eve      0.00      
30410    zsh                  6.87      
30838    kworker/1:0-eve      0.00      
30862    bash                 3.00      
30863    ps                   2.62      
30864    awk                  2.00      
30865    tee                  1.50      
2024-06-30 12:53:15 [32m[32m✓  Process memory usage logged successfully[0m (B[m
